<?xml version="1.0" encoding="UTF-8"?>
<!-- Generated by org.testng.reporters.JUnitXMLReporter -->
<testsuite hostname="ANJIBABU-1VNNF" ignored="2" name="Auto Test" tests="4" failures="2" timestamp="18 Sep 2020 09:52:41 GMT" time="258.29" errors="0">
  <testcase name="loginPage" time="89.353" classname="com.auto.testCases.TC_LoginTest_001"/>
  <testcase name="loginPage" time="89.905" classname="com.auto.testCases.TC_LoginTest_001">
    <failure type="java.lang.NullPointerException">
      <![CDATA[java.lang.NullPointerException
at com.auto.utilities.Reporting.onTestSuccess(Reporting.java:86)
... Removed 22 stack frames]]>
    </failure>
  </testcase> <!-- loginPage -->
  <testcase name="loginPage" time="133.984" classname="com.auto.testCases.TC_LoginDDT_002"/>
  <testcase name="loginPage" time="134.787" classname="com.auto.testCases.TC_LoginDDT_002">
    <failure type="java.lang.NullPointerException">
      <![CDATA[java.lang.NullPointerException
at com.auto.utilities.Reporting.onTestSuccess(Reporting.java:86)
... Removed 22 stack frames]]>
    </failure>
  </testcase> <!-- loginPage -->
  <testcase name="@AfterTest tearDown" time="0.0" classname="com.auto.testCases.BaseClass">
    <ignored/>
  </testcase> <!-- @AfterTest tearDown -->
  <testcase name="@BeforeTest setUp" time="0.0" classname="com.auto.testCases.BaseClass">
    <ignored/>
  </testcase> <!-- @BeforeTest setUp -->
</testsuite> <!-- Auto Test -->
