<?xml version="1.0" encoding="UTF-8"?>
<!-- Generated by org.testng.reporters.JUnitXMLReporter -->
<testsuite hostname="ANJIBABU-1VNNF" ignored="2" name="Auto Test" tests="4" failures="2" timestamp="18 Sep 2020 10:19:25 GMT" time="250.173" errors="0">
  <testcase name="loginPage" time="89.233" classname="com.auto.testCases.TC_LoginTest_001"/>
  <testcase name="loginPage" time="89.698" classname="com.auto.testCases.TC_LoginTest_001">
    <failure type="java.lang.NullPointerException">
      <![CDATA[java.lang.NullPointerException
at com.auto.utilities.Reporting.onTestSuccess(Reporting.java:112)
... Removed 25 stack frames]]>
    </failure>
  </testcase> <!-- loginPage -->
  <testcase name="loginPage" time="134.122" classname="com.auto.testCases.TC_LoginDDT_002"/>
  <testcase name="loginPage" time="134.539" classname="com.auto.testCases.TC_LoginDDT_002">
    <failure type="java.lang.NullPointerException">
      <![CDATA[java.lang.NullPointerException
at com.auto.utilities.Reporting.onTestSuccess(Reporting.java:112)
... Removed 25 stack frames]]>
    </failure>
  </testcase> <!-- loginPage -->
  <testcase name="@AfterTest tearDown" time="0.0" classname="com.auto.testCases.BaseClass">
    <ignored/>
  </testcase> <!-- @AfterTest tearDown -->
  <testcase name="@BeforeTest setUp" time="0.0" classname="com.auto.testCases.BaseClass">
    <ignored/>
  </testcase> <!-- @BeforeTest setUp -->
</testsuite> <!-- Auto Test -->
