<?xml version="1.0" encoding="UTF-8"?>
<testsuite name="TestSuite" time="223.358" tests="8" errors="0" skipped="0" failures="4">
  <properties>
[...]
</properties>
  <testcase name="loginPage" classname="com.auto.testCases.TC_LoginTest_001" time="89.235"/>
  <testcase name="loginPage" classname="com.auto.testCases.TC_LoginTest_001" time="89.857">
    <failure type="java.lang.NullPointerException:">java.lang.NullPointerException: null
	at com.auto.utilities.Reporting.onTestSuccess(Reporting.java:112)
	at org.testng.internal.TestListenerHelper.runTestListeners(TestListenerHelper.java:70)
	at org.testng.internal.Invoker.runTestListeners(Invoker.java:1389)
	at org.testng.internal.Invoker.invokeMethod(Invoker.java:636)
	at org.testng.internal.Invoker.invokeTestMethod(Invoker.java:719)
	at org.testng.internal.Invoker.invokeTestMethods(Invoker.java:989)
	at org.testng.internal.TestMethodWorker.invokeTestMethods(TestMethodWorker.java:125)
	at org.testng.internal.TestMethodWorker.run(TestMethodWorker.java:109)
	at org.testng.TestRunner.privateRun(TestRunner.java:648)
	at org.testng.TestRunner.run(TestRunner.java:505)
	at org.testng.SuiteRunner.runTest(SuiteRunner.java:455)
	at org.testng.SuiteRunner.runSequentially(SuiteRunner.java:450)
	at org.testng.SuiteRunner.privateRun(SuiteRunner.java:415)
	at org.testng.SuiteRunner.run(SuiteRunner.java:364)
	at org.testng.SuiteRunnerWorker.runSuite(SuiteRunnerWorker.java:52)
	at org.testng.SuiteRunnerWorker.run(SuiteRunnerWorker.java:84)
	at org.testng.TestNG.runSuitesSequentially(TestNG.java:1208)
	at org.testng.TestNG.runSuitesLocally(TestNG.java:1137)
	at org.testng.TestNG.runSuites(TestNG.java:1049)
	at org.testng.TestNG.run(TestNG.java:1017)
	at org.apache.maven.surefire.testng.TestNGExecutor.run(TestNGExecutor.java:295)
	at org.apache.maven.surefire.testng.TestNGXmlTestSuite.execute(TestNGXmlTestSuite.java:84)
	at org.apache.maven.surefire.testng.TestNGProvider.invoke(TestNGProvider.java:90)
	at org.apache.maven.surefire.booter.ForkedBooter.invokeProviderInSameClassLoader(ForkedBooter.java:203)
	at org.apache.maven.surefire.booter.ForkedBooter.runSuitesInProcess(ForkedBooter.java:155)
	at org.apache.maven.surefire.booter.ForkedBooter.main(ForkedBooter.java:103)
</failure>
    <system-out><![CDATA[Screen shot taken atC:\Users\anjibabu\git\auto_001\Screenshots\1600424228138.png
]]></system-out>
  </testcase>
  <testcase name="loginPage" classname="com.auto.testCases.TC_LoginTest_001" time="120.504"/>
  <testcase name="loginPage" classname="com.auto.testCases.TC_LoginTest_001" time="120.679">
    <failure type="java.lang.NullPointerException:">java.lang.NullPointerException: null
	at com.auto.utilities.Reporting.onTestSuccess(Reporting.java:112)
	at org.testng.internal.TestListenerHelper.runTestListeners(TestListenerHelper.java:70)
	at org.testng.internal.Invoker.runTestListeners(Invoker.java:1389)
	at org.testng.internal.Invoker.invokeMethod(Invoker.java:636)
	at org.testng.internal.Invoker.invokeTestMethod(Invoker.java:719)
	at org.testng.internal.Invoker.invokeTestMethods(Invoker.java:989)
	at org.testng.internal.TestMethodWorker.invokeTestMethods(TestMethodWorker.java:125)
	at org.testng.internal.TestMethodWorker.run(TestMethodWorker.java:109)
	at org.testng.TestRunner.privateRun(TestRunner.java:648)
	at org.testng.TestRunner.run(TestRunner.java:505)
	at org.testng.SuiteRunner.runTest(SuiteRunner.java:455)
	at org.testng.SuiteRunner.runSequentially(SuiteRunner.java:450)
	at org.testng.SuiteRunner.privateRun(SuiteRunner.java:415)
	at org.testng.SuiteRunner.run(SuiteRunner.java:364)
	at org.testng.SuiteRunnerWorker.runSuite(SuiteRunnerWorker.java:52)
	at org.testng.SuiteRunnerWorker.run(SuiteRunnerWorker.java:84)
	at org.testng.TestNG.runSuitesSequentially(TestNG.java:1208)
	at org.testng.TestNG.runSuitesLocally(TestNG.java:1137)
	at org.testng.TestNG.runSuites(TestNG.java:1049)
	at org.testng.TestNG.run(TestNG.java:1017)
	at org.apache.maven.surefire.testng.TestNGExecutor.run(TestNGExecutor.java:295)
	at org.apache.maven.surefire.testng.TestNGXmlTestSuite.execute(TestNGXmlTestSuite.java:84)
	at org.apache.maven.surefire.testng.TestNGProvider.invoke(TestNGProvider.java:90)
	at org.apache.maven.surefire.booter.ForkedBooter.invokeProviderInSameClassLoader(ForkedBooter.java:203)
	at org.apache.maven.surefire.booter.ForkedBooter.runSuitesInProcess(ForkedBooter.java:155)
	at org.apache.maven.surefire.booter.ForkedBooter.main(ForkedBooter.java:103)
</failure>
    <system-out><![CDATA[Screen shot taken atC:\Users\anjibabu\git\auto_001\Screenshots\1600424503620.png
]]></system-out>
  </testcase>
  <testcase name="loginPage" classname="com.auto.testCases.TC_LoginDDT_002" time="134.123"/>
  <testcase name="loginPage" classname="com.auto.testCases.TC_LoginDDT_002" time="134.54">
    <failure type="java.lang.NullPointerException:">java.lang.NullPointerException: null
	at com.auto.utilities.Reporting.onTestSuccess(Reporting.java:112)
	at org.testng.internal.TestListenerHelper.runTestListeners(TestListenerHelper.java:70)
	at org.testng.internal.Invoker.runTestListeners(Invoker.java:1389)
	at org.testng.internal.Invoker.invokeMethod(Invoker.java:636)
	at org.testng.internal.Invoker.invokeTestMethod(Invoker.java:719)
	at org.testng.internal.Invoker.invokeTestMethods(Invoker.java:989)
	at org.testng.internal.TestMethodWorker.invokeTestMethods(TestMethodWorker.java:125)
	at org.testng.internal.TestMethodWorker.run(TestMethodWorker.java:109)
	at org.testng.TestRunner.privateRun(TestRunner.java:648)
	at org.testng.TestRunner.run(TestRunner.java:505)
	at org.testng.SuiteRunner.runTest(SuiteRunner.java:455)
	at org.testng.SuiteRunner.runSequentially(SuiteRunner.java:450)
	at org.testng.SuiteRunner.privateRun(SuiteRunner.java:415)
	at org.testng.SuiteRunner.run(SuiteRunner.java:364)
	at org.testng.SuiteRunnerWorker.runSuite(SuiteRunnerWorker.java:52)
	at org.testng.SuiteRunnerWorker.run(SuiteRunnerWorker.java:84)
	at org.testng.TestNG.runSuitesSequentially(TestNG.java:1208)
	at org.testng.TestNG.runSuitesLocally(TestNG.java:1137)
	at org.testng.TestNG.runSuites(TestNG.java:1049)
	at org.testng.TestNG.run(TestNG.java:1017)
	at org.apache.maven.surefire.testng.TestNGExecutor.run(TestNGExecutor.java:295)
	at org.apache.maven.surefire.testng.TestNGXmlTestSuite.execute(TestNGXmlTestSuite.java:84)
	at org.apache.maven.surefire.testng.TestNGProvider.invoke(TestNGProvider.java:90)
	at org.apache.maven.surefire.booter.ForkedBooter.invokeProviderInSameClassLoader(ForkedBooter.java:203)
	at org.apache.maven.surefire.booter.ForkedBooter.runSuitesInProcess(ForkedBooter.java:155)
	at org.apache.maven.surefire.booter.ForkedBooter.main(ForkedBooter.java:103)
</failure>
    <system-out><![CDATA[Screen shot taken atC:\Users\anjibabu\git\auto_001\Screenshots\1600424363221.png
]]></system-out>
  </testcase>
  <testcase name="loginPage" classname="com.auto.testCases.TC_LoginDDT_002" time="120.672"/>
  <testcase name="loginPage" classname="com.auto.testCases.TC_LoginDDT_002" time="120.842">
    <failure type="java.lang.NullPointerException:">java.lang.NullPointerException: null
	at com.auto.utilities.Reporting.onTestSuccess(Reporting.java:112)
	at org.testng.internal.TestListenerHelper.runTestListeners(TestListenerHelper.java:70)
	at org.testng.internal.Invoker.runTestListeners(Invoker.java:1389)
	at org.testng.internal.Invoker.invokeMethod(Invoker.java:636)
	at org.testng.internal.Invoker.invokeTestMethod(Invoker.java:719)
	at org.testng.internal.Invoker.invokeTestMethods(Invoker.java:989)
	at org.testng.internal.TestMethodWorker.invokeTestMethods(TestMethodWorker.java:125)
	at org.testng.internal.TestMethodWorker.run(TestMethodWorker.java:109)
	at org.testng.TestRunner.privateRun(TestRunner.java:648)
	at org.testng.TestRunner.run(TestRunner.java:505)
	at org.testng.SuiteRunner.runTest(SuiteRunner.java:455)
	at org.testng.SuiteRunner.runSequentially(SuiteRunner.java:450)
	at org.testng.SuiteRunner.privateRun(SuiteRunner.java:415)
	at org.testng.SuiteRunner.run(SuiteRunner.java:364)
	at org.testng.SuiteRunnerWorker.runSuite(SuiteRunnerWorker.java:52)
	at org.testng.SuiteRunnerWorker.run(SuiteRunnerWorker.java:84)
	at org.testng.TestNG.runSuitesSequentially(TestNG.java:1208)
	at org.testng.TestNG.runSuitesLocally(TestNG.java:1137)
	at org.testng.TestNG.runSuites(TestNG.java:1049)
	at org.testng.TestNG.run(TestNG.java:1017)
	at org.apache.maven.surefire.testng.TestNGExecutor.run(TestNGExecutor.java:295)
	at org.apache.maven.surefire.testng.TestNGXmlTestSuite.execute(TestNGXmlTestSuite.java:84)
	at org.apache.maven.surefire.testng.TestNGProvider.invoke(TestNGProvider.java:90)
	at org.apache.maven.surefire.booter.ForkedBooter.invokeProviderInSameClassLoader(ForkedBooter.java:203)
	at org.apache.maven.surefire.booter.ForkedBooter.runSuitesInProcess(ForkedBooter.java:155)
	at org.apache.maven.surefire.booter.ForkedBooter.main(ForkedBooter.java:103)
</failure>
    <system-out><![CDATA[Screen shot taken atC:\Users\anjibabu\git\auto_001\Screenshots\1600424624610.png
]]></system-out>
  </testcase>
</testsuite>