<?xml version="1.0" encoding="UTF-8"?>
<testng-results skipped="0" failed="0" ignored="0" total="2" passed="2">
  <reporter-output>
  </reporter-output>
  <suite name="Suite" duration-ms="112657" started-at="2020-09-16T09:27:11Z" finished-at="2020-09-16T09:29:04Z">
    <groups>
    </groups>
    <test name="Auto Test" duration-ms="112657" started-at="2020-09-16T09:27:11Z" finished-at="2020-09-16T09:29:04Z">
      <class name="com.auto.testCases.TC_LoginTest_001">
        <test-method status="PASS" signature="setUp(java.lang.String)[pri:0, instance:com.auto.testCases.TC_LoginTest_001@2ed94a8b]" name="setUp" is-config="true" duration-ms="12066" started-at="2020-09-16T09:27:12Z" finished-at="2020-09-16T09:27:24Z">
          <params>
            <param index="0">
              <value>
                <![CDATA[chrome]]>
              </value>
            </param>
          </params>
          <reporter-output>
          </reporter-output>
        </test-method> <!-- setUp -->
        <test-method status="PASS" signature="loginPage()[pri:0, instance:com.auto.testCases.TC_LoginTest_001@2ed94a8b]" name="loginPage" duration-ms="43755" started-at="2020-09-16T09:27:24Z" finished-at="2020-09-16T09:28:07Z">
          <reporter-output>
          </reporter-output>
        </test-method> <!-- loginPage -->
        <test-method status="PASS" signature="tearDown()[pri:0, instance:com.auto.testCases.TC_LoginTest_001@2ed94a8b]" name="tearDown" is-config="true" duration-ms="1248" started-at="2020-09-16T09:28:07Z" finished-at="2020-09-16T09:28:09Z">
          <reporter-output>
          </reporter-output>
        </test-method> <!-- tearDown -->
      </class> <!-- com.auto.testCases.TC_LoginTest_001 -->
      <class name="com.auto.testCases.TC_LoginDDT_002">
        <test-method status="PASS" signature="setUp(java.lang.String)[pri:0, instance:com.auto.testCases.TC_LoginDDT_002@38082d64]" name="setUp" is-config="true" duration-ms="10612" started-at="2020-09-16T09:28:09Z" finished-at="2020-09-16T09:28:19Z">
          <params>
            <param index="0">
              <value>
                <![CDATA[chrome]]>
              </value>
            </param>
          </params>
          <reporter-output>
          </reporter-output>
        </test-method> <!-- setUp -->
        <test-method status="PASS" signature="loginPage()[pri:0, instance:com.auto.testCases.TC_LoginDDT_002@38082d64]" name="loginPage" duration-ms="43665" started-at="2020-09-16T09:28:19Z" finished-at="2020-09-16T09:29:03Z">
          <reporter-output>
          </reporter-output>
        </test-method> <!-- loginPage -->
        <test-method status="PASS" signature="tearDown()[pri:0, instance:com.auto.testCases.TC_LoginDDT_002@38082d64]" name="tearDown" is-config="true" duration-ms="1144" started-at="2020-09-16T09:29:03Z" finished-at="2020-09-16T09:29:04Z">
          <reporter-output>
          </reporter-output>
        </test-method> <!-- tearDown -->
      </class> <!-- com.auto.testCases.TC_LoginDDT_002 -->
    </test> <!-- Auto Test -->
  </suite> <!-- Suite -->
</testng-results>
