<?xml version="1.0" encoding="UTF-8"?>
<testng-results skipped="0" failed="0" ignored="0" total="1" passed="1">
  <reporter-output>
  </reporter-output>
  <suite name="Suite" duration-ms="132583" started-at="2020-09-15T07:31:33Z" finished-at="2020-09-15T07:33:45Z">
    <groups>
    </groups>
    <test name="Auto Test" duration-ms="132583" started-at="2020-09-15T07:31:33Z" finished-at="2020-09-15T07:33:45Z">
      <class name="com.auto.testCases.TC_LoginTest_001">
        <test-method status="PASS" signature="setUp(java.lang.String)[pri:0, instance:com.auto.testCases.TC_LoginTest_001@57829d67]" name="setUp" is-config="true" duration-ms="15810" started-at="2020-09-15T07:31:34Z" finished-at="2020-09-15T07:31:50Z">
          <params>
            <param index="0">
              <value>
                <![CDATA[chrome]]>
              </value>
            </param>
          </params>
          <reporter-output>
          </reporter-output>
        </test-method> <!-- setUp -->
        <test-method status="PASS" signature="loginPage()[pri:0, instance:com.auto.testCases.TC_LoginTest_001@57829d67]" name="loginPage" duration-ms="114040" started-at="2020-09-15T07:31:50Z" finished-at="2020-09-15T07:33:44Z">
          <reporter-output>
          </reporter-output>
        </test-method> <!-- loginPage -->
        <test-method status="PASS" signature="tearDown()[pri:0, instance:com.auto.testCases.TC_LoginTest_001@57829d67]" name="tearDown" is-config="true" duration-ms="1129" started-at="2020-09-15T07:33:44Z" finished-at="2020-09-15T07:33:45Z">
          <reporter-output>
          </reporter-output>
        </test-method> <!-- tearDown -->
      </class> <!-- com.auto.testCases.TC_LoginTest_001 -->
    </test> <!-- Auto Test -->
  </suite> <!-- Suite -->
</testng-results>
