<?xml version="1.0" encoding="UTF-8"?>
<testng-results skipped="0" failed="0" ignored="0" total="1" passed="1">
  <reporter-output>
  </reporter-output>
  <suite name="Suite" duration-ms="59307" started-at="2020-09-16T09:22:16Z" finished-at="2020-09-16T09:23:15Z">
    <groups>
    </groups>
    <test name="Auto Test" duration-ms="59307" started-at="2020-09-16T09:22:16Z" finished-at="2020-09-16T09:23:15Z">
      <class name="com.auto.testCases.TC_LoginTest_001">
        <test-method status="PASS" signature="setUp(java.lang.String)[pri:0, instance:com.auto.testCases.TC_LoginTest_001@1e397ed7]" name="setUp" is-config="true" duration-ms="12234" started-at="2020-09-16T09:22:16Z" finished-at="2020-09-16T09:22:28Z">
          <params>
            <param index="0">
              <value>
                <![CDATA[chrome]]>
              </value>
            </param>
          </params>
          <reporter-output>
          </reporter-output>
        </test-method> <!-- setUp -->
        <test-method status="PASS" signature="loginPage()[pri:0, instance:com.auto.testCases.TC_LoginTest_001@1e397ed7]" name="loginPage" duration-ms="45430" started-at="2020-09-16T09:22:29Z" finished-at="2020-09-16T09:23:14Z">
          <reporter-output>
          </reporter-output>
        </test-method> <!-- loginPage -->
        <test-method status="PASS" signature="tearDown()[pri:0, instance:com.auto.testCases.TC_LoginTest_001@1e397ed7]" name="tearDown" is-config="true" duration-ms="1442" started-at="2020-09-16T09:23:14Z" finished-at="2020-09-16T09:23:15Z">
          <reporter-output>
          </reporter-output>
        </test-method> <!-- tearDown -->
      </class> <!-- com.auto.testCases.TC_LoginTest_001 -->
    </test> <!-- Auto Test -->
  </suite> <!-- Suite -->
</testng-results>
